  CommandListFactory.c
  main.c
  BrickFunctions.c
  CommandHandler.c
  CommandList.c
  DropCommandHandler.c
  EggFunctions.c
  ExitDoorFunctions.c
  GameFlags.c
  GameState.c
  GameStateFactory.c
  GoCommandHandler.c
  GoldPieceFunctions.c
  HelpCommandHandler.c
  InputProvider.c
  InventoryCommandHandler.c
  Item.c
  ItemList.c
  LookCommandHandler.c
  QuitCommandHandler.c
  Generating Code...
  Compiling...
  Room.c
  RoomExit.c
  stdafx.c
  TakeCommandHandler.c
  UseCommandHandler.c
  WorldData.c
  WorldDataFactory.c
  Generating Code...
  GAM100Project.vcxproj -> C:\Users\liam.kikingil\Documents\GitHub\TextAdventure\Debug\GAM100Project.exe
